<?xml version="1.0" encoding="UTF-8"?>
<testng-results skipped="0" failed="0" ignored="0" total="3" passed="3">
  <reporter-output>
  </reporter-output>
  <suite name="Default suite" duration-ms="123682" started-at="2018-11-16T17:43:58Z" finished-at="2018-11-16T17:46:02Z">
    <groups>
    </groups>
    <test name="Default test" duration-ms="123682" started-at="2018-11-16T17:43:58Z" finished-at="2018-11-16T17:46:02Z">
      <class name="pageTests.LoginPageTests">
        <test-method status="PASS" signature="inializeTest()[pri:0, instance:pageTests.LoginPageTests@4eb7f003]" name="inializeTest" is-config="true" duration-ms="32981" started-at="2018-11-16T17:43:59Z" finished-at="2018-11-16T17:44:31Z">
          <reporter-output>
          </reporter-output>
        </test-method> <!-- inializeTest -->
        <test-method status="PASS" signature="LoginWithInvalidCredentials()[pri:0, instance:pageTests.LoginPageTests@4eb7f003]" name="LoginWithInvalidCredentials" duration-ms="1758" started-at="2018-11-16T17:44:31Z" finished-at="2018-11-16T17:44:33Z">
          <reporter-output>
          </reporter-output>
        </test-method> <!-- LoginWithInvalidCredentials -->
        <test-method status="PASS" signature="testClosure()[pri:0, instance:pageTests.LoginPageTests@4eb7f003]" name="testClosure" is-config="true" duration-ms="308" started-at="2018-11-16T17:44:33Z" finished-at="2018-11-16T17:44:34Z">
          <reporter-output>
          </reporter-output>
        </test-method> <!-- testClosure -->
        <test-method status="PASS" signature="inializeTest()[pri:0, instance:pageTests.LoginPageTests@4eb7f003]" name="inializeTest" is-config="true" duration-ms="29895" started-at="2018-11-16T17:44:34Z" finished-at="2018-11-16T17:45:03Z">
          <reporter-output>
          </reporter-output>
        </test-method> <!-- inializeTest -->
        <test-method status="PASS" signature="LoginWithValidCredentials()[pri:0, instance:pageTests.LoginPageTests@4eb7f003]" name="LoginWithValidCredentials" duration-ms="6614" started-at="2018-11-16T17:45:03Z" finished-at="2018-11-16T17:45:10Z">
          <reporter-output>
          </reporter-output>
        </test-method> <!-- LoginWithValidCredentials -->
        <test-method status="PASS" signature="testClosure()[pri:0, instance:pageTests.LoginPageTests@4eb7f003]" name="testClosure" is-config="true" duration-ms="288" started-at="2018-11-16T17:45:10Z" finished-at="2018-11-16T17:45:10Z">
          <reporter-output>
          </reporter-output>
        </test-method> <!-- testClosure -->
      </class> <!-- pageTests.LoginPageTests -->
      <class name="pageTests.HomePageTests">
        <test-method status="PASS" signature="verifyAdminPage()[pri:0, instance:pageTests.HomePageTests@eafc191]" name="verifyAdminPage" duration-ms="51800" started-at="2018-11-16T17:45:10Z" finished-at="2018-11-16T17:46:02Z">
          <reporter-output>
          </reporter-output>
        </test-method> <!-- verifyAdminPage -->
      </class> <!-- pageTests.HomePageTests -->
    </test> <!-- Default test -->
  </suite> <!-- Default suite -->
</testng-results>
