<?xml version="1.0" encoding="UTF-8"?>
<!-- Generated by org.testng.reporters.JUnitXMLReporter -->
<testsuite hostname="WINCTRL-I0MUJGD" ignored="0" name="Default test" tests="3" failures="0" timestamp="16 Nov 2018 17:46:02 GMT" time="123.682" errors="0">
  <testcase name="LoginWithInvalidCredentials" time="1.758" classname="pageTests.LoginPageTests"/>
  <testcase name="LoginWithValidCredentials" time="6.614" classname="pageTests.LoginPageTests"/>
  <testcase name="verifyAdminPage" time="51.8" classname="pageTests.HomePageTests"/>
</testsuite> <!-- Default test -->
